<?xml version="1.0" encoding="UTF-8" ?>
<testsuite tests="24" failures="0" name="runnerTest.RunnerTest" time="7.206" errors="0" skipped="0">
  <properties>
[...]
</properties>
  <testcase classname="Verify valid login from admin login page" name="I am on admin login page" time="0.039"/>
  <testcase classname="Verify valid login from admin login page" name="I enter admin@yourstore.com into username field on the login page" time="0.131"/>
  <testcase classname="Verify valid login from admin login page" name="I enter admin into password field on the login page" time="0.095"/>
  <testcase classname="Verify valid login from admin login page" name="I click on login button on login page" time="2.564"/>
  <testcase classname="Verify valid login from admin login page" name="I verify valid login message on sign in page" time="0.915"/>
  <testcase classname="Verify valid login from admin login page" name="Verify valid login from admin login page" time="1.019"/>
  <testcase classname="Verify invalid login for multiple users #1" name="I am on admin panel page" time="0.028"/>
  <testcase classname="Verify invalid login for multiple users #1" name="I enter omer@gmail.com into username text fields on admin login page" time="0.122"/>
  <testcase classname="Verify invalid login for multiple users #1" name="I enter test1234 into password text fields on admin login page" time="0.095"/>
  <testcase classname="Verify invalid login for multiple users #1" name="I click on login button on admin login page" time="0.627"/>
  <testcase classname="Verify invalid login for multiple users #1" name="I verify that I used invalid credentials" time="0.029"/>
  <testcase classname="Verify invalid login for multiple users #1" name="Verify invalid login for multiple users #1" time="0.113"/>
  <testcase classname="Verify invalid login for multiple users #2" name="I am on admin panel page" time="0.03"/>
  <testcase classname="Verify invalid login for multiple users #2" name="I enter john@gmail.com into username text fields on admin login page" time="0.121"/>
  <testcase classname="Verify invalid login for multiple users #2" name="I enter 1234test into password text fields on admin login page" time="0.093"/>
  <testcase classname="Verify invalid login for multiple users #2" name="I click on login button on admin login page" time="0.331"/>
  <testcase classname="Verify invalid login for multiple users #2" name="I verify that I used invalid credentials" time="0.025"/>
  <testcase classname="Verify invalid login for multiple users #2" name="Verify invalid login for multiple users #2" time="0.113"/>
  <testcase classname="Verify invalid login for multiple users #3" name="I am on admin panel page" time="0.026"/>
  <testcase classname="Verify invalid login for multiple users #3" name="I enter lisa@gmail.com into username text fields on admin login page" time="0.121"/>
  <testcase classname="Verify invalid login for multiple users #3" name="I enter test456 into password text fields on admin login page" time="0.095"/>
  <testcase classname="Verify invalid login for multiple users #3" name="I click on login button on admin login page" time="0.347"/>
  <testcase classname="Verify invalid login for multiple users #3" name="I verify that I used invalid credentials" time="0.024"/>
  <testcase classname="Verify invalid login for multiple users #3" name="Verify invalid login for multiple users #3" time="0.103"/>
</testsuite>